[35m[Appium][39m Welcome to Appium v1.22.3
[35m[Appium][39m Non-default server args:
[35m[Appium][39m   port: 1936
[35m[Appium][39m   loglevel: info
[35m[Appium][39m   tmpDir: C:\Users\user\AppData\Local\Temp\\Katalon\Appium\Temp1664775392696
[35m[Appium][39m   chromedriverPort: 1938
[35m[Appium][39m Deprecated server args:
[35m[Appium][39m   [31m--chromedriver-port[39m => --default-capabilities
[35m[Appium][39m Default capabilities, which will be added to each request unless overridden by desired capabilities:
[35m[Appium][39m   chromedriverPort: 1938
[35m[Appium][39m Appium REST http interface listener started on 0.0.0.0:1936
[35m[HTTP][39m [37m-->[39m [37mGET[39m [37m/wd/hub/status[39m
[35m[HTTP][39m [90m{}[39m
[35m[HTTP][39m [37m<-- GET /wd/hub/status [39m[32m200[39m [90m9 ms - 68[39m
[35m[HTTP][39m [90m[39m
[35m[HTTP][39m [37m-->[39m [37mGET[39m [37m/wd/hub/status[39m
[35m[HTTP][39m [90m{}[39m
[35m[HTTP][39m [37m<-- GET /wd/hub/status [39m[32m200[39m [90m1 ms - 68[39m
[35m[HTTP][39m [90m[39m
[35m[HTTP][39m [37m-->[39m [37mPOST[39m [37m/wd/hub/session[39m
[35m[HTTP][39m [90m{"desiredCapabilities":{"appPackage":"com.android.settings","noReset":true,"Activity":"com.google.android.calculator","deviceId":"QWDEEMUOJRYDQSLV","deviceName":"realme RMX2180 (Android 11)","platform":"ANDROID","appWaitDuration":3000,"appActivity":".Settings","newCommandTimeout":1800,"platformVersion":"11","automationName":"uiautomator2","autoGrantPermissions":true,"Package":"com.google.android.calculator","platformName":"Android","udid":"QWDEEMUOJRYDQSLV","systemPort":8202},"capabilities":{"firstMatch":[{"Activity":"com.google.android.calculator","Package":"com.google.android.calculator","appium:appActivity":".Settings","appium:appPackage":"com.android.settings","appium:appWaitDuration":3000,"appium:autoGrantPermissions":true,"appium:automationName":"uiautomator2","deviceId":"QWDEEMUOJRYDQSLV","appium:deviceName":"realme RMX2180 (Android 11)","appium:newCommandTimeout":1800,"appium:noReset":true,"platform":"ANDROID","platformName":"android","appium:platformVersion":"11","appium:systemPort":8202,"appium:u...[39m
[35m[BaseDriver][39m The following capabilities are not standard capabilities and should have an extension prefix:
[35m[BaseDriver][39m   Activity
[35m[BaseDriver][39m   Package
[35m[BaseDriver][39m   deviceId
[35m[BaseDriver][39m   platform
[35m[BaseDriver][39m   chromedriverPort
[35m[Appium][39m Appium v1.22.3 creating new AndroidUiautomator2Driver (v1.70.1) session
[35m[BaseDriver][39m The following capabilities were provided, but are not recognized by Appium:
[35m[BaseDriver][39m   Activity
[35m[BaseDriver][39m   Package
[35m[BaseDriver][39m   deviceId
[35m[BaseDriver][39m   platform
[35m[BaseDriver][39m Session created with session id: 0f3efccd-5ae0-4728-b3c2-773dcbb8ace0
[35m[UiAutomator2][39m Starting 'com.android.settings' directly on the device
[35m[ADB][39m Found 1 'build-tools' folders under 'C:\Users\user\AppData\Local\Android\Sdk' (newest first):
[35m[ADB][39m     C:/Users/user/AppData/Local/Android/Sdk/build-tools/33.0.0
[35m[ADB][39m Using 'adb.exe' from 'C:\Users\user\AppData\Local\Android\Sdk\platform-tools\adb.exe'
[35m[AndroidDriver][39m Retrieving device list
[35m[AndroidDriver][39m Using device: QWDEEMUOJRYDQSLV
[35m[ADB][39m Using 'adb.exe' from 'C:\Users\user\AppData\Local\Android\Sdk\platform-tools\adb.exe'
[35m[ADB][39m Getting device platform version
[35m[UiAutomator2][39m Relaxing hidden api policy
[35m[AndroidDriver][39m No app sent in, not parsing package/activity
[35m[ADB][39m Using 'apksigner.jar' from 'C:\Users\user\AppData\Local\Android\Sdk\build-tools\33.0.0\lib\apksigner.jar'
[35m[ADB][39m 'C:\Users\user\AppData\Roaming\npm\node_modules\appium\node_modules\appium-uiautomator2-server\apks\appium-uiautomator2-server-v4.27.0.apk' is signed with the default certificate
[35m[ADB][39m 'C:\Users\user\AppData\Roaming\npm\node_modules\appium\node_modules\appium-uiautomator2-server\apks\appium-uiautomator2-server-debug-androidTest.apk' is signed with the default certificate
[35m[UiAutomator2][39m Server packages are not going to be (re)installed
[35m[ADB][39m Adding packages ["io.appium.settings","io.appium.uiautomator2.server","io.appium.uiautomator2.server.test"] to Doze whitelist
[35m[UiAutomator2][39m Starting UIAutomator2 server 4.27.0
[35m[UiAutomator2][39m Using UIAutomator2 server from 'C:\Users\user\AppData\Roaming\npm\node_modules\appium\node_modules\appium-uiautomator2-server\apks\appium-uiautomator2-server-v4.27.0.apk' and test from 'C:\Users\user\AppData\Roaming\npm\node_modules\appium\node_modules\appium-uiautomator2-server\apks\appium-uiautomator2-server-debug-androidTest.apk'
[35m[UiAutomator2][39m Waiting up to 30000ms for UiAutomator2 to be online...
[35m[WD Proxy][39m socket hang up
[35m[WD Proxy][39m socket hang up
[35m[WD Proxy][39m socket hang up
[35m[WD Proxy][39m socket hang up
[35m[WD Proxy][39m Determined the downstream protocol as 'W3C'
[35m[AndroidDriver][39m Screen already unlocked, doing nothing
[35m[UiAutomator2][39m Starting 'com.android.settings/.Settings and waiting for 'com.android.settings/.Settings'
[35m[Appium][39m New AndroidUiautomator2Driver session created successfully, session 0f3efccd-5ae0-4728-b3c2-773dcbb8ace0 added to master session list
[35m[HTTP][39m [37m<-- POST /wd/hub/session [39m[32m200[39m [90m15337 ms - 1472[39m
[35m[HTTP][39m [90m[39m
[35m[HTTP][39m [37m-->[39m [37mGET[39m [37m/wd/hub/session/0f3efccd-5ae0-4728-b3c2-773dcbb8ace0[39m
[35m[HTTP][39m [90m{}[39m
[35m[HTTP][39m [37m<-- GET /wd/hub/session/0f3efccd-5ae0-4728-b3c2-773dcbb8ace0 [39m[32m200[39m [90m55 ms - 1426[39m
[35m[HTTP][39m [90m[39m
[35m[HTTP][39m [37m-->[39m [37mGET[39m [37m/wd/hub/session/0f3efccd-5ae0-4728-b3c2-773dcbb8ace0[39m
[35m[HTTP][39m [90m{}[39m
[35m[HTTP][39m [37m<-- GET /wd/hub/session/0f3efccd-5ae0-4728-b3c2-773dcbb8ace0 [39m[32m200[39m [90m31 ms - 1426[39m
[35m[HTTP][39m [90m[39m
[35m[HTTP][39m [37m-->[39m [37mGET[39m [37m/wd/hub/status[39m
[35m[HTTP][39m [90m{}[39m
[35m[HTTP][39m [37m<-- GET /wd/hub/status [39m[32m200[39m [90m2 ms - 68[39m
[35m[HTTP][39m [90m[39m
[35m[HTTP][39m [37m-->[39m [37mPOST[39m [37m/wd/hub/session/0f3efccd-5ae0-4728-b3c2-773dcbb8ace0/timeouts[39m
[35m[HTTP][39m [90m{"implicit":60000}[39m
[35m[HTTP][39m [37m<-- POST /wd/hub/session/0f3efccd-5ae0-4728-b3c2-773dcbb8ace0/timeouts [39m[32m200[39m [90m7 ms - 14[39m
[35m[HTTP][39m [90m[39m
[35m[HTTP][39m [37m-->[39m [37mGET[39m [37m/wd/hub/session/0f3efccd-5ae0-4728-b3c2-773dcbb8ace0/screenshot[39m
[35m[HTTP][39m [90m{}[39m
[35m[HTTP][39m [37m<-- GET /wd/hub/session/0f3efccd-5ae0-4728-b3c2-773dcbb8ace0/screenshot [39m[32m200[39m [90m1062 ms - 125848[39m
[35m[HTTP][39m [90m[39m
[35m[HTTP][39m [37m-->[39m [37mGET[39m [37m/wd/hub/session/0f3efccd-5ae0-4728-b3c2-773dcbb8ace0/window/rect[39m
[35m[HTTP][39m [90m{}[39m
[35m[HTTP][39m [37m<-- GET /wd/hub/session/0f3efccd-5ae0-4728-b3c2-773dcbb8ace0/window/rect [39m[32m200[39m [90m30 ms - 49[39m
[35m[HTTP][39m [90m[39m
[35m[HTTP][39m [37m-->[39m [37mGET[39m [37m/wd/hub/session/0f3efccd-5ae0-4728-b3c2-773dcbb8ace0/appium/device/system_bars[39m
[35m[HTTP][39m [90m{}[39m
[35m[HTTP][39m [37m<-- GET /wd/hub/session/0f3efccd-5ae0-4728-b3c2-773dcbb8ace0/appium/device/system_bars [39m[32m200[39m [90m209 ms - 145[39m
[35m[HTTP][39m [90m[39m
[35m[HTTP][39m [37m-->[39m [37mPOST[39m [37m/wd/hub/session/0f3efccd-5ae0-4728-b3c2-773dcbb8ace0/appium/device/activate_app[39m
[35m[HTTP][39m [90m{"bundleId":"com.google.android.calculator"}[39m
[35m[HTTP][39m [37m<-- POST /wd/hub/session/0f3efccd-5ae0-4728-b3c2-773dcbb8ace0/appium/device/activate_app [39m[32m200[39m [90m1164 ms - 14[39m
[35m[HTTP][39m [90m[39m
[35m[HTTP][39m [37m-->[39m [37mGET[39m [37m/wd/hub/session/0f3efccd-5ae0-4728-b3c2-773dcbb8ace0/source[39m
[35m[HTTP][39m [90m{}[39m
[35m[W3C (0f3efccd)][39m Driver proxy active, passing request on via HTTP proxy
[35m[WD Proxy][39m Replacing sessionId b9145328-d67c-41fc-ab19-c696b1a7ef70 with 0f3efccd-5ae0-4728-b3c2-773dcbb8ace0
[35m[HTTP][39m [37m<-- GET /wd/hub/session/0f3efccd-5ae0-4728-b3c2-773dcbb8ace0/source [39m[32m200[39m [90m719 ms - 18566[39m
[35m[HTTP][39m [90m[39m
[35m[HTTP][39m [37m-->[39m [37mGET[39m [37m/wd/hub/session/0f3efccd-5ae0-4728-b3c2-773dcbb8ace0/screenshot[39m
[35m[HTTP][39m [90m{}[39m
[35m[HTTP][39m [37m<-- GET /wd/hub/session/0f3efccd-5ae0-4728-b3c2-773dcbb8ace0/screenshot [39m[32m200[39m [90m583 ms - 104286[39m
[35m[HTTP][39m [90m[39m
[35m[HTTP][39m [37m-->[39m [37mPOST[39m [37m/wd/hub/session/0f3efccd-5ae0-4728-b3c2-773dcbb8ace0/elements[39m
[35m[HTTP][39m [90m{"using":"xpath","value":"//*[@class = 'android.widget.TextView' and (@text = '20' or . = '20') and @resource-id = 'com.google.android.calculator:id/result_final']"}[39m
[35m[HTTP][39m [37m<-- POST /wd/hub/session/0f3efccd-5ae0-4728-b3c2-773dcbb8ace0/elements [39m[32m200[39m [90m1034 ms - 139[39m
[35m[HTTP][39m [90m[39m
[35m[HTTP][39m [37m-->[39m [37mDELETE[39m [37m/wd/hub/session/0f3efccd-5ae0-4728-b3c2-773dcbb8ace0[39m
[35m[HTTP][39m [90m{}[39m
[35m[Appium][39m Removing session 0f3efccd-5ae0-4728-b3c2-773dcbb8ace0 from our master session list
[35m[UiAutomator2][39m Restoring hidden api policy to the device default configuration
[35m[HTTP][39m [37m<-- DELETE /wd/hub/session/0f3efccd-5ae0-4728-b3c2-773dcbb8ace0 [39m[32m200[39m [90m784 ms - 14[39m
[35m[HTTP][39m [90m[39m
